<?xml version="1.0" encoding="UTF-8"?>
<!-- Generated by org.testng.reporters.JUnitReportReporter -->
<testsuite hostname="DESKTOP-SHNC452" failures="0" tests="1" name="TestNG.ex11_Parallel3" time="8.986" errors="0" timestamp="2024-11-14T14:51:01 IST" skipped="0">
  <testcase classname="TestNG.ex11_Parallel3" name="openGoogleApp" time="8.986"/>
  <system-out/>
</testsuite> <!-- TestNG.ex11_Parallel3 -->
