<?xml version="1.0" encoding="UTF-8"?>
<!-- Generated by org.testng.reporters.JUnitReportReporter -->
<testsuite hostname="DESKTOP-SHNC452" failures="0" tests="1" name="TestNG.ex11_Parallel1" time="10.341" errors="0" timestamp="2024-11-14T14:51:01 IST" skipped="0">
  <testcase classname="TestNG.ex11_Parallel1" name="openFacebookApp" time="10.341"/>
  <system-out/>
</testsuite> <!-- TestNG.ex11_Parallel1 -->
