<?xml version="1.0" encoding="UTF-8"?>
<!-- Generated by org.testng.reporters.JUnitReportReporter -->
<testsuite hostname="DESKTOP-SHNC452" failures="0" tests="3" name="TestNG.BeforeAfter_Method" time="0.005" errors="0" timestamp="2024-11-14T14:24:42 IST" skipped="0">
  <testcase classname="TestNG.BeforeAfter_Method" name="user2" time="0.001"/>
  <system-out/>
  <testcase classname="TestNG.BeforeAfter_Method" name="user1" time="0.002"/>
  <system-out/>
  <testcase classname="TestNG.BeforeAfter_Method" name="user1" time="0.002"/>
  <system-out/>
</testsuite> <!-- TestNG.BeforeAfter_Method -->
