<?xml version="1.0" encoding="UTF-8"?>
<!-- Generated by org.testng.reporters.JUnitReportReporter -->
<testsuite hostname="DESKTOP-SHNC452" failures="0" tests="5" name="TestNG.DependsOnWithPriority2" time="0.013" errors="0" timestamp="2024-11-14T14:24:42 IST" skipped="0">
  <testcase classname="TestNG.DependsOnWithPriority2" name="search" time="0.002"/>
  <system-out/>
  <testcase classname="TestNG.DependsOnWithPriority2" name="advSearch" time="0.003"/>
  <system-out/>
  <testcase classname="TestNG.DependsOnWithPriority2" name="login" time="0.004"/>
  <system-out/>
  <testcase classname="TestNG.DependsOnWithPriority2" name="logout" time="0.002"/>
  <system-out/>
  <testcase classname="TestNG.DependsOnWithPriority2" name="openApp" time="0.002"/>
  <system-out/>
</testsuite> <!-- TestNG.DependsOnWithPriority2 -->
