<?xml version="1.0" encoding="UTF-8"?>
<!-- Generated by org.testng.reporters.JUnitReportReporter -->
<testsuite hostname="DESKTOP-SHNC452" failures="0" tests="4" name="TestNG.FailedTestCase_Xml" time="0.013" errors="0" timestamp="2024-11-14T14:28:42 IST" skipped="0">
  <testcase classname="TestNG.FailedTestCase_Xml" name="user2" time="0.001"/>
  <system-out/>
  <testcase classname="TestNG.FailedTestCase_Xml" name="logout" time="0.001"/>
  <system-out/>
  <testcase classname="TestNG.FailedTestCase_Xml" name="login" time="0.010"/>
  <system-out/>
  <testcase classname="TestNG.FailedTestCase_Xml" name="user1" time="0.001"/>
  <system-out/>
</testsuite> <!-- TestNG.FailedTestCase_Xml -->
