<?xml version="1.0" encoding="UTF-8"?>
<!-- Generated by org.testng.reporters.JUnitReportReporter -->
<testsuite hostname="DESKTOP-SHNC452" failures="0" tests="5" name="TestNG.DependsOnMethod_TestNG" time="0.007" errors="0" timestamp="2024-11-14T14:24:42 IST" skipped="0">
  <testcase classname="TestNG.DependsOnMethod_TestNG" name="login" time="0.001"/>
  <system-out/>
  <testcase classname="TestNG.DependsOnMethod_TestNG" name="advSearch" time="0.002"/>
  <system-out/>
  <testcase classname="TestNG.DependsOnMethod_TestNG" name="openApp" time="0.001"/>
  <system-out/>
  <testcase classname="TestNG.DependsOnMethod_TestNG" name="search" time="0.001"/>
  <system-out/>
  <testcase classname="TestNG.DependsOnMethod_TestNG" name="logout" time="0.002"/>
  <system-out/>
</testsuite> <!-- TestNG.DependsOnMethod_TestNG -->
