<?xml version="1.0" encoding="UTF-8"?>
<!-- Generated by org.testng.reporters.JUnitReportReporter -->
<testsuite hostname="DESKTOP-SHNC452" failures="0" tests="1" name="pom_DDF_TestNG_TestBase_Utility_Properties_FailedTCSS.SwagLabLoginTest" time="20.427" errors="0" timestamp="2024-11-20T14:24:07 IST" skipped="0">
  <testcase classname="pom_DDF_TestNG_TestBase_Utility_Properties_FailedTCSS.SwagLabLoginTest" name="homepage" time="20.427"/>
  <system-out/>
</testsuite> <!-- pom_DDF_TestNG_TestBase_Utility_Properties_FailedTCSS.SwagLabLoginTest -->
