<?xml version="1.0" encoding="UTF-8"?>
<!-- Generated by org.testng.reporters.JUnitReportReporter -->
<testsuite hostname="DESKTOP-SHNC452" failures="0" tests="1" name="pom_DDF_TestNG.SwagLabLoginTest" time="40.001" errors="0" timestamp="2024-11-18T16:06:06 IST" skipped="0">
  <testcase classname="pom_DDF_TestNG.SwagLabLoginTest" name="homepage" time="40.001"/>
  <system-out/>
</testsuite> <!-- pom_DDF_TestNG.SwagLabLoginTest -->
