<?xml version="1.0" encoding="UTF-8"?>
<!-- Generated by org.testng.reporters.JUnitReportReporter -->
<testsuite hostname="DESKTOP-SHNC452" failures="0" tests="3" name="TestNG.Priority_TestNG" time="0.004" errors="0" timestamp="2024-11-14T14:24:42 IST" skipped="0">
  <testcase classname="TestNG.Priority_TestNG" name="login" time="0.001"/>
  <system-out/>
  <testcase classname="TestNG.Priority_TestNG" name="user1" time="0.002"/>
  <system-out/>
  <testcase classname="TestNG.Priority_TestNG" name="User2" time="0.001"/>
  <system-out/>
</testsuite> <!-- TestNG.Priority_TestNG -->
