<?xml version="1.0" encoding="UTF-8"?>
<!-- Generated by org.testng.reporters.JUnitReportReporter -->
<testsuite hostname="DESKTOP-SHNC452" failures="0" tests="2" name="TestNG_Groups.GroupByPayment" time="0.010" errors="0" timestamp="2024-11-14T14:33:02 IST" skipped="0">
  <testcase classname="TestNG_Groups.GroupByPayment" name="paymentInDoller" time="0.009"/>
  <system-out/>
  <testcase classname="TestNG_Groups.GroupByPayment" name="paymentInRupees" time="0.001"/>
  <system-out/>
</testsuite> <!-- TestNG_Groups.GroupByPayment -->
