<?xml version="1.0" encoding="UTF-8"?>
<!-- Generated by org.testng.reporters.JUnitReportReporter -->
<testsuite hostname="DESKTOP-SHNC452" failures="0" tests="3" name="Groups_TestNG.GroupByLogin" time="0.014" errors="0" timestamp="2024-11-12T15:58:34 IST" skipped="0">
  <testcase classname="Groups_TestNG.GroupByLogin" name="test_loginByFB" time="0.001"/>
  <system-out/>
  <testcase classname="Groups_TestNG.GroupByLogin" name="test_loginByTwitter" time="0.002"/>
  <system-out/>
  <testcase classname="Groups_TestNG.GroupByLogin" name="test_loginByEmail" time="0.011"/>
  <system-out/>
</testsuite> <!-- Groups_TestNG.GroupByLogin -->
