<?xml version="1.0" encoding="UTF-8"?>
<!-- Generated by org.testng.reporters.JUnitReportReporter -->
<testsuite hostname="DESKTOP-SHNC452" failures="0" tests="1" name="pom_DDF_TestNG_TestBase_Utility.SwagLabLoginTest" time="41.515" errors="0" timestamp="2024-11-18T16:43:21 IST" skipped="0">
  <testcase classname="pom_DDF_TestNG_TestBase_Utility.SwagLabLoginTest" name="homepage" time="41.515"/>
  <system-out/>
</testsuite> <!-- pom_DDF_TestNG_TestBase_Utility.SwagLabLoginTest -->
