<?xml version="1.0" encoding="UTF-8"?>
<!-- Generated by org.testng.reporters.JUnitReportReporter -->
<testsuite hostname="DESKTOP-SHNC452" failures="0" tests="3" name="TestNG.CrossBrowsing_Testing" time="33.784" errors="0" timestamp="2024-11-14T15:30:33 IST" skipped="0">
  <testcase classname="TestNG.CrossBrowsing_Testing" name="VerfifyLoginTC" time="15.955"/>
  <system-out/>
  <testcase classname="TestNG.CrossBrowsing_Testing" name="VerfifyLoginTC" time="9.151"/>
  <system-out/>
  <testcase classname="TestNG.CrossBrowsing_Testing" name="VerfifyLoginTC" time="8.678"/>
  <system-out/>
</testsuite> <!-- TestNG.CrossBrowsing_Testing -->
