<?xml version="1.0" encoding="UTF-8"?>
<!-- Generated by org.testng.reporters.JUnitReportReporter -->
<testsuite hostname="DESKTOP-SHNC452" failures="0" tests="2" name="TestNG.TimesOut_TestNG" time="4.014" errors="0" timestamp="2024-11-14T14:24:42 IST" skipped="0">
  <testcase classname="TestNG.TimesOut_TestNG" name="TC01" time="0.006"/>
  <system-out/>
  <testcase classname="TestNG.TimesOut_TestNG" name="TC012" time="4.008"/>
  <system-out/>
</testsuite> <!-- TestNG.TimesOut_TestNG -->
