<?xml version="1.0" encoding="UTF-8"?>
<!-- Generated by org.testng.reporters.JUnitReportReporter -->
<testsuite hostname="DESKTOP-SHNC452" failures="0" tests="3" name="TestNG_Groups.GroupBySingUp" time="0.013" errors="0" timestamp="2024-11-14T14:31:47 IST" skipped="0">
  <testcase classname="TestNG_Groups.GroupBySingUp" name="test_signupByFB" time="0.001"/>
  <system-out/>
  <testcase classname="TestNG_Groups.GroupBySingUp" name="test_signupByTwitter" time="0.001"/>
  <system-out/>
  <testcase classname="TestNG_Groups.GroupBySingUp" name="test_signupByEmail" time="0.011"/>
  <system-out/>
</testsuite> <!-- TestNG_Groups.GroupBySingUp -->
