<?xml version="1.0" encoding="UTF-8"?>
<!-- Generated by org.testng.reporters.JUnitReportReporter -->
<testsuite hostname="DESKTOP-SHNC452" failures="0" tests="2" name="TestNG.Enable_TestNG" time="0.011" errors="0" timestamp="2024-11-12T14:56:24 IST" skipped="1">
  <testcase classname="TestNG.Enable_TestNG" name="user2" time="0.011"/>
  <system-out/>
  <testcase classname="TestNG.Enable_TestNG" name="user1">
    <skipped/>
  </testcase> <!-- user1 -->
  <system-out/>
</testsuite> <!-- TestNG.Enable_TestNG -->
