<?xml version="1.0" encoding="UTF-8"?>
<!-- Generated by org.testng.reporters.JUnitReportReporter -->
<testsuite hostname="DESKTOP-SHNC452" failures="0" tests="3" name="Groups_TestNG.GroupBySingUp" time="0.015" errors="0" timestamp="2024-11-12T16:00:53 IST" skipped="0">
  <testcase classname="Groups_TestNG.GroupBySingUp" name="test_signupByFB" time="0.001"/>
  <system-out/>
  <testcase classname="Groups_TestNG.GroupBySingUp" name="test_signupByTwitter" time="0.001"/>
  <system-out/>
  <testcase classname="Groups_TestNG.GroupBySingUp" name="test_signupByEmail" time="0.013"/>
  <system-out/>
</testsuite> <!-- Groups_TestNG.GroupBySingUp -->
