<?xml version="1.0" encoding="UTF-8"?>
<!-- Generated by org.testng.reporters.JUnitReportReporter -->
<testsuite hostname="DESKTOP-SHNC452" failures="0" tests="3" name="TestNG.FirstTest_TestNG" time="2.823" errors="0" timestamp="2024-11-10T13:30:05 IST" skipped="0">
  <testcase classname="TestNG.FirstTest_TestNG" name="TC02_print" time="0.001"/>
  <system-out>
    <![CDATA[Hello From TestNG]]>
  </system-out>
  <testcase classname="TestNG.FirstTest_TestNG" name="TC03_Print2" time="0.000"/>
  <system-out>
    <![CDATA[Heyy]]>
  </system-out>
  <testcase classname="TestNG.FirstTest_TestNG" name="TC01_openGoogle" time="2.822"/>
  <system-out/>
</testsuite> <!-- TestNG.FirstTest_TestNG -->
