<?xml version="1.0" encoding="UTF-8"?>
<!-- Generated by org.testng.reporters.JUnitReportReporter -->
<testsuite hostname="DESKTOP-SHNC452" failures="0" tests="2" name="Groups_TestNG.GroupByPayment" time="0.015" errors="0" timestamp="2024-11-12T16:00:48 IST" skipped="0">
  <testcase classname="Groups_TestNG.GroupByPayment" name="paymentInRupees" time="0.003"/>
  <system-out/>
  <testcase classname="Groups_TestNG.GroupByPayment" name="paymentInDoller" time="0.012"/>
  <system-out/>
</testsuite> <!-- Groups_TestNG.GroupByPayment -->
