<?xml version="1.0" encoding="UTF-8"?>
<!-- Generated by org.testng.reporters.JUnitReportReporter -->
<testsuite hostname="DESKTOP-SHNC452" failures="0" tests="2" name="TestNG.Enabled_TestNG" time="0.006" errors="0" timestamp="2024-11-14T14:24:42 IST" skipped="1">
  <testcase classname="TestNG.Enabled_TestNG" name="user2" time="0.006"/>
  <system-out/>
  <testcase classname="TestNG.Enabled_TestNG" name="user1">
    <skipped/>
  </testcase> <!-- user1 -->
  <system-out/>
</testsuite> <!-- TestNG.Enabled_TestNG -->
