<?xml version="1.0" encoding="UTF-8"?>
<!-- Generated by org.testng.reporters.JUnitReportReporter -->
<testsuite hostname="DESKTOP-SHNC452" failures="0" tests="3" name="TestNG_Groups.GroupByLogin" time="0.013" errors="0" timestamp="2024-11-14T14:32:28 IST" skipped="0">
  <testcase classname="TestNG_Groups.GroupByLogin" name="test_loginByFB" time="0.000"/>
  <system-out/>
  <testcase classname="TestNG_Groups.GroupByLogin" name="test_loginByTwitter" time="0.002"/>
  <system-out/>
  <testcase classname="TestNG_Groups.GroupByLogin" name="test_loginByEmail" time="0.011"/>
  <system-out/>
</testsuite> <!-- TestNG_Groups.GroupByLogin -->
